The system is: Linux - 3.10.0-693.el7.x86_64 - x86_64
Compiling the Fortran compiler identification source file "CMakeFortranCompilerId.F" succeeded.
Compiler: /public/software/compiler/intel/composer_xe_2015.2.164/bin/intel64/ifort 
Build flags: -m64
Id flags: -v 

The output was:
0
ifort version 15.0.2
/public/software/compiler/intel/composer_xe_2015.2.164/bin/intel64/fpp    -D__INTEL_COMPILER=1500 -D__INTEL_COMPILER_UPDATE=2 -D__unix__ -D__unix -D__linux__ -D__linux -D__gnu_linux__ -Dunix -Dlinux -D__ELF__ -D__x86_64 -D__x86_64__ -D__amd64 -D__amd64__ -D_MT -D__INTEL_COMPILER_BUILD_DATE=20150121 -D__INTEL_OFFLOAD -D__i686 -D__i686__ -D__pentiumpro -D__pentiumpro__ -D__pentium4 -D__pentium4__ -D__tune_pentium4__ -D__SSE2__ -D__SSE2_MATH__ -D__SSE__ -D__SSE_MATH__ -D__MMX__ -I. -I/public/software/compiler/intel/composer_xe_2015.2.164/mkl/include -I/public/software/compiler/intel/composer_xe_2017_update4/compilers_and_libraries_2017.4.196/linux/ipp/include -I/public/software/compiler/intel/composer_xe_2017_update4/compilers_and_libraries_2017.4.196/linux/mkl/include -I/public/software/compiler/intel/composer_xe_2017_update4/compilers_and_libraries_2017.4.196/linux/tbb/include -I/public/software/compiler/intel/composer_xe_2017_update4/compilers_and_libraries_2017.4.196/linux/daal/include -I/public/software/compiler/intel/composer_xe_2017_update4/compilers_and_libraries_2017.4.196/linux/ipp/include -I/public/software/compiler/intel/composer_xe_2017_update4/compilers_and_libraries_2017.4.196/linux/mkl/include -I/public/software/compiler/intel/composer_xe_2017_update4/compilers_and_libraries_2017.4.196/linux/tbb/include -I/public/software/compiler/intel/composer_xe_2017_update4/compilers_and_libraries_2017.4.196/linux/daal/include -I/public/software/compiler/intel/composer_xe_2015.2.164/compiler/include/intel64 -I/public/software/compiler/intel/composer_xe_2015.2.164/compiler/include -I/usr/local/include -I/usr/lib/gcc/x86_64-redhat-linux/4.8.5/include -I/usr/include/ -I/usr/include -fixed -4Ycpp -4Ncvf -f_com=yes -MX CMakeFortranCompilerId.F /tmp/ifortPWcSoe.i
#include "..." search starts here:
#include <...> search starts here:
 .
 /public/software/compiler/intel/composer_xe_2015.2.164/mkl/include
 /public/software/compiler/intel/composer_xe_2017_update4/compilers_and_libraries_2017.4.196/linux/ipp/include
 /public/software/compiler/intel/composer_xe_2017_update4/compilers_and_libraries_2017.4.196/linux/mkl/include
 /public/software/compiler/intel/composer_xe_2017_update4/compilers_and_libraries_2017.4.196/linux/tbb/include
 /public/software/compiler/intel/composer_xe_2017_update4/compilers_and_libraries_2017.4.196/linux/daal/include
 /public/software/compiler/intel/composer_xe_2017_update4/compilers_and_libraries_2017.4.196/linux/ipp/include
 /public/software/compiler/intel/composer_xe_2017_update4/compilers_and_libraries_2017.4.196/linux/mkl/include
 /public/software/compiler/intel/composer_xe_2017_update4/compilers_and_libraries_2017.4.196/linux/tbb/include
 /public/software/compiler/intel/composer_xe_2017_update4/compilers_and_libraries_2017.4.196/linux/daal/include
 /public/software/compiler/intel/composer_xe_2015.2.164/compiler/include/intel64
 /public/software/compiler/intel/composer_xe_2015.2.164/compiler/include
 /usr/local/include
 /usr/lib/gcc/x86_64-redhat-linux/4.8.5/include
 /usr/include/
 /usr/include
End of search list.
/public/software/compiler/intel/composer_xe_2015.2.164/bin/intel64/fortcom    -D__INTEL_COMPILER=1500 -D__INTEL_COMPILER_UPDATE=2 -D__unix__ -D__unix -D__linux__ -D__linux -D__gnu_linux__ -Dunix -Dlinux -D__ELF__ -D__x86_64 -D__x86_64__ -D__amd64 -D__amd64__ -D_MT -D__INTEL_COMPILER_BUILD_DATE=20150121 -D__INTEL_OFFLOAD -D__i686 -D__i686__ -D__pentiumpro -D__pentiumpro__ -D__pentium4 -D__pentium4__ -D__tune_pentium4__ -D__SSE2__ -D__SSE2_MATH__ -D__SSE__ -D__SSE_MATH__ -D__MMX__ -mGLOB_pack_sort_init_list -I. -I/public/software/compiler/intel/composer_xe_2015.2.164/mkl/include -I/public/software/compiler/intel/composer_xe_2017_update4/compilers_and_libraries_2017.4.196/linux/ipp/include -I/public/software/compiler/intel/composer_xe_2017_update4/compilers_and_libraries_2017.4.196/linux/mkl/include -I/public/software/compiler/intel/composer_xe_2017_update4/compilers_and_libraries_2017.4.196/linux/tbb/include -I/public/software/compiler/intel/composer_xe_2017_update4/compilers_and_libraries_2017.4.196/linux/daal/include -I/public/software/compiler/intel/composer_xe_2017_update4/compilers_and_libraries_2017.4.196/linux/ipp/include -I/public/software/compiler/intel/composer_xe_2017_update4/compilers_and_libraries_2017.4.196/linux/mkl/include -I/public/software/compiler/intel/composer_xe_2017_update4/compilers_and_libraries_2017.4.196/linux/tbb/include -I/public/software/compiler/intel/composer_xe_2017_update4/compilers_and_libraries_2017.4.196/linux/daal/include -I/public/software/compiler/intel/composer_xe_2015.2.164/compiler/include/intel64 -I/public/software/compiler/intel/composer_xe_2015.2.164/compiler/include -I/usr/local/include -I/usr/lib/gcc/x86_64-redhat-linux/4.8.5/include -I/usr/include/ -I/usr/include -O2 -simd -offload_host -mP1OPT_version=15.0-intel64 -mGLOB_diag_file=/tmp/ifort7AtbeF.diag -mGLOB_source_language=GLOB_SOURCE_LANGUAGE_F90 -mP2OPT_static_promotion -mP1OPT_print_version=FALSE -mCG_use_gas_got_workaround=F -mP2OPT_align_option_used=TRUE -mGLOB_gcc_version=485 "-mGLOB_options_string=-m64 -v" -mGLOB_cxx_limited_range=FALSE -mCG_extend_parms=FALSE -mGLOB_compiler_bin_directory=/public/software/compiler/intel/composer_xe_2015.2.164/bin/intel64 -mGLOB_as_output_backup_file_name=/tmp/ifortfOgF8Vas_.s -mIPOPT_activate -mIPOPT_lite -mGLOB_em64t -mGLOB_instruction_tuning=0x0 -mGLOB_product_id_code=0x22006d8f -mCG_bnl_movbe=T -mGLOB_extended_instructions=0x8 -mP3OPT_use_mspp_call_convention -mP2OPT_subs_out_of_bound=FALSE -mGLOB_ansi_alias -mPGOPTI_value_profile_use=T -mGLOB_opt_report_use_source_name -mP2OPT_il0_array_sections=TRUE -mGLOB_offload_mode=1 -mP2OPT_offload_unique_var_string=ifort0101224267557nprPu8 -mP2OPT_hlo_level=2 -mP2OPT_hlo -mP2OPT_hpo_rtt_control=0 -mIPOPT_args_in_regs=0 -mP2OPT_disam_assume_nonstd_intent_in=FALSE -mGLOB_imf_mapping_library=/public/software/compiler/intel/composer_xe_2015.2.164/bin/intel64/libiml_attr.so -mIPOPT_single_file_compile_and_link=TRUE -mPGOPTI_gen_threadsafe_level=0 -mIPOPT_lto_object_enabled -mIPOPT_lto_object_value=1 -mIPOPT_obj_output_file_name=/tmp/ifort7AtbeF.o -mIPOPT_whole_archive_fixup_file_name=/tmp/ifortwarchpDWKH4 -mGLOB_linker_version=2.25.1 -mGLOB_long_size_64 -mGLOB_routine_pointer_size_64 -mGLOB_driver_tempfile_name=/tmp/iforttempfilevFxuZD -mP3OPT_asm_target=P3OPT_ASM_TARGET_GAS -mGLOB_async_unwind_tables=TRUE -mGLOB_obj_output_file=/tmp/ifort7AtbeF.o -mGLOB_source_dialect=GLOB_SOURCE_DIALECT_FORTRAN -mP1OPT_source_file_name=CMakeFortranCompilerId.F -mP2OPT_symtab_type_copy=true /tmp/ifortPWcSoe.i
#include "..." search starts here:
#include <...> search starts here:
 .
 /public/software/compiler/intel/composer_xe_2015.2.164/mkl/include
 /public/software/compiler/intel/composer_xe_2017_update4/compilers_and_libraries_2017.4.196/linux/ipp/include
 /public/software/compiler/intel/composer_xe_2017_update4/compilers_and_libraries_2017.4.196/linux/mkl/include
 /public/software/compiler/intel/composer_xe_2017_update4/compilers_and_libraries_2017.4.196/linux/tbb/include
 /public/software/compiler/intel/composer_xe_2017_update4/compilers_and_libraries_2017.4.196/linux/daal/include
 /public/software/compiler/intel/composer_xe_2017_update4/compilers_and_libraries_2017.4.196/linux/ipp/include
 /public/software/compiler/intel/composer_xe_2017_update4/compilers_and_libraries_2017.4.196/linux/mkl/include
 /public/software/compiler/intel/composer_xe_2017_update4/compilers_and_libraries_2017.4.196/linux/tbb/include
 /public/software/compiler/intel/composer_xe_2017_update4/compilers_and_libraries_2017.4.196/linux/daal/include
 /public/software/compiler/intel/composer_xe_2015.2.164/compiler/include/intel64
 /public/software/compiler/intel/composer_xe_2015.2.164/compiler/include
 /usr/local/include
 /usr/lib/gcc/x86_64-redhat-linux/4.8.5/include
 /usr/include/
 /usr/include
End of search list.
ld    /usr/lib/gcc/x86_64-redhat-linux/4.8.5/../../../../lib64/crt1.o /usr/lib/gcc/x86_64-redhat-linux/4.8.5/../../../../lib64/crti.o /usr/lib/gcc/x86_64-redhat-linux/4.8.5/crtbegin.o --eh-frame-hdr --build-id -dynamic-linker /lib64/ld-linux-x86-64.so.2 -m elf_x86_64 -o a.out /public/software/compiler/intel/composer_xe_2015.2.164/compiler/lib/intel64/for_main.o -L/public/software/compiler/intel/composer_xe_2015.2.164/compiler/lib/intel64 -L/public/software/compiler/intel/composer_xe_2015.2.164/mkl/lib/intel64 -L/public/software/compiler/intel/composer_xe_2017_update4//clck/2017.2.019/lib/intel64 -L/public/software/compiler/intel/composer_xe_2017_update4/compilers_and_libraries_2017.4.196/linux/ipp/lib/intel64 -L/public/software/compiler/intel/composer_xe_2017_update4/compilers_and_libraries_2017.4.196/linux/compiler/lib/intel64_lin -L/public/software/compiler/intel/composer_xe_2017_update4/compilers_and_libraries_2017.4.196/linux/mkl/lib/intel64_lin -L/public/software/compiler/intel/composer_xe_2017_update4/compilers_and_libraries_2017.4.196/linux/tbb/lib/intel64/gcc4.7 -L/public/software/compiler/intel/composer_xe_2017_update4/compilers_and_libraries_2017.4.196/linux/daal/lib/intel64_lin -L/public/software/compiler/intel/composer_xe_2017_update4/compilers_and_libraries_2017.4.196/linux/ipp/lib/intel64 -L/public/software/compiler/intel/composer_xe_2017_update4/compilers_and_libraries_2017.4.196/linux/compiler/lib/intel64_lin -L/public/software/compiler/intel/composer_xe_2017_update4/compilers_and_libraries_2017.4.196/linux/mkl/lib/intel64_lin -L/public/software/compiler/intel/composer_xe_2017_update4/compilers_and_libraries_2017.4.196/linux/tbb/lib/intel64/gcc4.7 -L/public/software/compiler/intel/composer_xe_2017_update4/compilers_and_libraries_2017.4.196/linux/daal/lib/intel64_lin -L/public/software/compiler/intel/composer_xe_2017_update4/compilers_and_libraries_2017.4.196/linux/daal/../tbb/lib/intel64_lin/gcc4.4 -L/public/software/compiler/intel/composer_xe_2015.2.164/compiler/lib/intel64 -L/usr/lib/gcc/x86_64-redhat-linux/4.8.5/ -L/usr/lib/gcc/x86_64-redhat-linux/4.8.5/../../../../lib64 -L/usr/lib/gcc/x86_64-redhat-linux/4.8.5/../../../../lib64/ -L/lib/../lib64 -L/lib/../lib64/ -L/usr/lib/../lib64 -L/usr/lib/../lib64/ -L/public/software/compiler/intel/composer_xe_2015.2.164/compiler/lib/intel64/ -L/public/software/compiler/intel/composer_xe_2015.2.164/mkl/lib/intel64/ -L/public/software/compiler/intel/composer_xe_2017_update4//clck/2017.2.019/lib/intel64/ -L/public/software/compiler/intel/composer_xe_2017_update4/compilers_and_libraries_2017.4.196/linux/ipp/lib/intel64/ -L/public/software/compiler/intel/composer_xe_2017_update4/compilers_and_libraries_2017.4.196/linux/compiler/lib/intel64_lin/ -L/public/software/compiler/intel/composer_xe_2017_update4/compilers_and_libraries_2017.4.196/linux/mkl/lib/intel64_lin/ -L/public/software/compiler/intel/composer_xe_2017_update4/compilers_and_libraries_2017.4.196/linux/tbb/lib/intel64/gcc4.7/ -L/public/software/compiler/intel/composer_xe_2017_update4/compilers_and_libraries_2017.4.196/linux/daal/lib/intel64_lin/ -L/public/software/compiler/intel/composer_xe_2017_update4/compilers_and_libraries_2017.4.196/linux/daal/../tbb/lib/intel64_lin/gcc4.4/ -L/usr/lib/gcc/x86_64-redhat-linux/4.8.5/../../../ -L/lib64 -L/lib/ -L/usr/lib64 -L/usr/lib /tmp/ifort7AtbeF.o -Bdynamic -Bstatic -lifport -lifcore -limf -lsvml -Bdynamic -lm -Bstatic -lipgo -lirc -Bdynamic -lpthread -Bstatic -lsvml -Bdynamic -lc -lgcc -lgcc_s -Bstatic -lirc_s -Bdynamic -ldl -lc /usr/lib/gcc/x86_64-redhat-linux/4.8.5/crtend.o /usr/lib/gcc/x86_64-redhat-linux/4.8.5/../../../../lib64/crtn.o


Compilation of the Fortran compiler identification source "CMakeFortranCompilerId.F" produced "a.out"

The Fortran compiler identification is Intel, found in "/public/home/SL11834034/project/gotmwork/build/CMakeFiles/3.16.2/CompilerIdFortran/a.out"

Determining if the Fortran compiler works passed with the following output:
Change Dir: /public/home/SL11834034/project/gotmwork/build/CMakeFiles/CMakeTmp

Run Build Command(s):/usr/bin/gmake cmTC_43fab/fast && /usr/bin/gmake -f CMakeFiles/cmTC_43fab.dir/build.make CMakeFiles/cmTC_43fab.dir/build
gmake[1]: 进入目录“/public/home/SL11834034/project/gotmwork/build/CMakeFiles/CMakeTmp”
Building Fortran object CMakeFiles/cmTC_43fab.dir/testFortranCompiler.f.o
/public/software/compiler/intel/composer_xe_2015.2.164/bin/intel64/ifort   -m64    -c /public/home/SL11834034/project/gotmwork/build/CMakeFiles/CMakeTmp/testFortranCompiler.f -o CMakeFiles/cmTC_43fab.dir/testFortranCompiler.f.o
Linking Fortran executable cmTC_43fab
/public/home/SL11834034/env/cmake/bin/cmake -E cmake_link_script CMakeFiles/cmTC_43fab.dir/link.txt --verbose=1
/public/software/compiler/intel/composer_xe_2015.2.164/bin/intel64/ifort  -L$NETCDF/lib  -m64  CMakeFiles/cmTC_43fab.dir/testFortranCompiler.f.o  -o cmTC_43fab 
gmake[1]: 离开目录“/public/home/SL11834034/project/gotmwork/build/CMakeFiles/CMakeTmp”



Detecting Fortran compiler ABI info compiled with the following output:
Change Dir: /public/home/SL11834034/project/gotmwork/build/CMakeFiles/CMakeTmp

Run Build Command(s):/usr/bin/gmake cmTC_6a1db/fast && /usr/bin/gmake -f CMakeFiles/cmTC_6a1db.dir/build.make CMakeFiles/cmTC_6a1db.dir/build
gmake[1]: Entering directory `/public/home/SL11834034/project/gotmwork/build/CMakeFiles/CMakeTmp'
Building Fortran object CMakeFiles/cmTC_6a1db.dir/CMakeFortranCompilerABI.F.o
/public/software/compiler/intel/composer_xe_2015.2.164/bin/intel64/ifort   -m64    -v -c /public/home/SL11834034/env/cmake/share/cmake-3.16/Modules/CMakeFortranCompilerABI.F -o CMakeFiles/cmTC_6a1db.dir/CMakeFortranCompilerABI.F.o
ifort version 15.0.2
/public/software/compiler/intel/composer_xe_2015.2.164/bin/intel64/fpp    -D__INTEL_COMPILER=1500 -D__INTEL_COMPILER_UPDATE=2 -D__unix__ -D__unix -D__linux__ -D__linux -D__gnu_linux__ -Dunix -Dlinux -D__ELF__ -D__x86_64 -D__x86_64__ -D__amd64 -D__amd64__ -D_MT -D__INTEL_COMPILER_BUILD_DATE=20150121 -D__INTEL_OFFLOAD -D__i686 -D__i686__ -D__pentiumpro -D__pentiumpro__ -D__pentium4 -D__pentium4__ -D__tune_pentium4__ -D__SSE2__ -D__SSE2_MATH__ -D__SSE__ -D__SSE_MATH__ -D__MMX__ -I. -I/public/software/compiler/intel/composer_xe_2015.2.164/mkl/include -I/public/software/compiler/intel/composer_xe_2017_update4/compilers_and_libraries_2017.4.196/linux/ipp/include -I/public/software/compiler/intel/composer_xe_2017_update4/compilers_and_libraries_2017.4.196/linux/mkl/include -I/public/software/compiler/intel/composer_xe_2017_update4/compilers_and_libraries_2017.4.196/linux/tbb/include -I/public/software/compiler/intel/composer_xe_2017_update4/compilers_and_libraries_2017.4.196/linux/daal/include -I/public/software/compiler/intel/composer_xe_2017_update4/compilers_and_libraries_2017.4.196/linux/ipp/include -I/public/software/compiler/intel/composer_xe_2017_update4/compilers_and_libraries_2017.4.196/linux/mkl/include -I/public/software/compiler/intel/composer_xe_2017_update4/compilers_and_libraries_2017.4.196/linux/tbb/include -I/public/software/compiler/intel/composer_xe_2017_update4/compilers_and_libraries_2017.4.196/linux/daal/include -I/public/software/compiler/intel/composer_xe_2015.2.164/compiler/include/intel64 -I/public/software/compiler/intel/composer_xe_2015.2.164/compiler/include -I/usr/local/include -I/usr/lib/gcc/x86_64-redhat-linux/4.8.5/include -I/usr/include/ -I/usr/include -fixed -4Ycpp -4Ncvf -f_com=yes -MX /public/home/SL11834034/env/cmake/share/cmake-3.16/Modules/CMakeFortranCompilerABI.F /tmp/ifortjoAaVI.i
#include "..." search starts here:
#include <...> search starts here:
 .
 /public/software/compiler/intel/composer_xe_2015.2.164/mkl/include
 /public/software/compiler/intel/composer_xe_2017_update4/compilers_and_libraries_2017.4.196/linux/ipp/include
 /public/software/compiler/intel/composer_xe_2017_update4/compilers_and_libraries_2017.4.196/linux/mkl/include
 /public/software/compiler/intel/composer_xe_2017_update4/compilers_and_libraries_2017.4.196/linux/tbb/include
 /public/software/compiler/intel/composer_xe_2017_update4/compilers_and_libraries_2017.4.196/linux/daal/include
 /public/software/compiler/intel/composer_xe_2017_update4/compilers_and_libraries_2017.4.196/linux/ipp/include
 /public/software/compiler/intel/composer_xe_2017_update4/compilers_and_libraries_2017.4.196/linux/mkl/include
 /public/software/compiler/intel/composer_xe_2017_update4/compilers_and_libraries_2017.4.196/linux/tbb/include
 /public/software/compiler/intel/composer_xe_2017_update4/compilers_and_libraries_2017.4.196/linux/daal/include
 /public/software/compiler/intel/composer_xe_2015.2.164/compiler/include/intel64
 /public/software/compiler/intel/composer_xe_2015.2.164/compiler/include
 /usr/local/include
 /usr/lib/gcc/x86_64-redhat-linux/4.8.5/include
 /usr/include/
 /usr/include
End of search list.
/public/software/compiler/intel/composer_xe_2015.2.164/bin/intel64/fortcom    -D__INTEL_COMPILER=1500 -D__INTEL_COMPILER_UPDATE=2 -D__unix__ -D__unix -D__linux__ -D__linux -D__gnu_linux__ -Dunix -Dlinux -D__ELF__ -D__x86_64 -D__x86_64__ -D__amd64 -D__amd64__ -D_MT -D__INTEL_COMPILER_BUILD_DATE=20150121 -D__INTEL_OFFLOAD -D__i686 -D__i686__ -D__pentiumpro -D__pentiumpro__ -D__pentium4 -D__pentium4__ -D__tune_pentium4__ -D__SSE2__ -D__SSE2_MATH__ -D__SSE__ -D__SSE_MATH__ -D__MMX__ -mGLOB_pack_sort_init_list -I/public/home/SL11834034/env/cmake/share/cmake-3.16/Modules -I. -I/public/software/compiler/intel/composer_xe_2015.2.164/mkl/include -I/public/software/compiler/intel/composer_xe_2017_update4/compilers_and_libraries_2017.4.196/linux/ipp/include -I/public/software/compiler/intel/composer_xe_2017_update4/compilers_and_libraries_2017.4.196/linux/mkl/include -I/public/software/compiler/intel/composer_xe_2017_update4/compilers_and_libraries_2017.4.196/linux/tbb/include -I/public/software/compiler/intel/composer_xe_2017_update4/compilers_and_libraries_2017.4.196/linux/daal/include -I/public/software/compiler/intel/composer_xe_2017_update4/compilers_and_libraries_2017.4.196/linux/ipp/include -I/public/software/compiler/intel/composer_xe_2017_update4/compilers_and_libraries_2017.4.196/linux/mkl/include -I/public/software/compiler/intel/composer_xe_2017_update4/compilers_and_libraries_2017.4.196/linux/tbb/include -I/public/software/compiler/intel/composer_xe_2017_update4/compilers_and_libraries_2017.4.196/linux/daal/include -I/public/software/compiler/intel/composer_xe_2015.2.164/compiler/include/intel64 -I/public/software/compiler/intel/composer_xe_2015.2.164/compiler/include -I/usr/local/include -I/usr/lib/gcc/x86_64-redhat-linux/4.8.5/include -I/usr/include/ -I/usr/include -O2 -simd -offload_host -mP1OPT_version=15.0-intel64 -mGLOB_diag_file=CMakeFiles/cmTC_6a1db.dir/CMakeFortranCompilerABI.F.diag -mGLOB_source_language=GLOB_SOURCE_LANGUAGE_F90 -mP2OPT_static_promotion -mP1OPT_print_version=FALSE -mCG_use_gas_got_workaround=F -mP2OPT_align_option_used=TRUE -mGLOB_gcc_version=485 "-mGLOB_options_string=-m64 -v -c -o CMakeFiles/cmTC_6a1db.dir/CMakeFortranCompilerABI.F.o" -mGLOB_cxx_limited_range=FALSE -mCG_extend_parms=FALSE -mGLOB_compiler_bin_directory=/public/software/compiler/intel/composer_xe_2015.2.164/bin/intel64 -mGLOB_as_output_backup_file_name=/tmp/ifortSEGIMDas_.s -mIPOPT_activate -mIPOPT_lite -mGLOB_em64t -mGLOB_instruction_tuning=0x0 -mGLOB_product_id_code=0x22006d8f -mCG_bnl_movbe=T -mGLOB_extended_instructions=0x8 -mP3OPT_use_mspp_call_convention -mP2OPT_subs_out_of_bound=FALSE -mGLOB_ansi_alias -mPGOPTI_value_profile_use=T -mP2OPT_il0_array_sections=TRUE -mGLOB_offload_mode=1 -mP2OPT_offload_unique_var_string=ifort010440388994nLJkpT -mP2OPT_hlo_level=2 -mP2OPT_hlo -mP2OPT_hpo_rtt_control=0 -mIPOPT_args_in_regs=0 -mP2OPT_disam_assume_nonstd_intent_in=FALSE -mGLOB_imf_mapping_library=/public/software/compiler/intel/composer_xe_2015.2.164/bin/intel64/libiml_attr.so -mPGOPTI_gen_threadsafe_level=0 -mIPOPT_lto_object_enabled -mIPOPT_lto_object_value=1 -mIPOPT_obj_output_file_name=CMakeFiles/cmTC_6a1db.dir/CMakeFortranCompilerABI.F.o -mIPOPT_whole_archive_fixup_file_name=/tmp/ifortwarchmpsC3U -mGLOB_linker_version=2.25.1 -mGLOB_long_size_64 -mGLOB_routine_pointer_size_64 -mGLOB_driver_tempfile_name=/tmp/iforttempfilenkHcHy -mP3OPT_asm_target=P3OPT_ASM_TARGET_GAS -mGLOB_async_unwind_tables=TRUE -mGLOB_obj_output_file=CMakeFiles/cmTC_6a1db.dir/CMakeFortranCompilerABI.F.o -mGLOB_source_dialect=GLOB_SOURCE_DIALECT_FORTRAN -mP1OPT_source_file_name=/public/home/SL11834034/env/cmake/share/cmake-3.16/Modules/CMakeFortranCompilerABI.F -mP2OPT_symtab_type_copy=true /tmp/ifortjoAaVI.i
#include "..." search starts here:
#include <...> search starts here:
 /public/home/SL11834034/env/cmake/share/cmake-3.16/Modules
 .
 /public/software/compiler/intel/composer_xe_2015.2.164/mkl/include
 /public/software/compiler/intel/composer_xe_2017_update4/compilers_and_libraries_2017.4.196/linux/ipp/include
 /public/software/compiler/intel/composer_xe_2017_update4/compilers_and_libraries_2017.4.196/linux/mkl/include
 /public/software/compiler/intel/composer_xe_2017_update4/compilers_and_libraries_2017.4.196/linux/tbb/include
 /public/software/compiler/intel/composer_xe_2017_update4/compilers_and_libraries_2017.4.196/linux/daal/include
 /public/software/compiler/intel/composer_xe_2017_update4/compilers_and_libraries_2017.4.196/linux/ipp/include
 /public/software/compiler/intel/composer_xe_2017_update4/compilers_and_libraries_2017.4.196/linux/mkl/include
 /public/software/compiler/intel/composer_xe_2017_update4/compilers_and_libraries_2017.4.196/linux/tbb/include
 /public/software/compiler/intel/composer_xe_2017_update4/compilers_and_libraries_2017.4.196/linux/daal/include
 /public/software/compiler/intel/composer_xe_2015.2.164/compiler/include/intel64
 /public/software/compiler/intel/composer_xe_2015.2.164/compiler/include
 /usr/local/include
 /usr/lib/gcc/x86_64-redhat-linux/4.8.5/include
 /usr/include/
 /usr/include
End of search list.
Linking Fortran executable cmTC_6a1db
/public/home/SL11834034/env/cmake/bin/cmake -E cmake_link_script CMakeFiles/cmTC_6a1db.dir/link.txt --verbose=1
/public/software/compiler/intel/composer_xe_2015.2.164/bin/intel64/ifort  -L$NETCDF/lib -v -m64  CMakeFiles/cmTC_6a1db.dir/CMakeFortranCompilerABI.F.o  -o cmTC_6a1db 
ifort version 15.0.2
/public/software/compiler/intel/composer_xe_2015.2.164/bin/intel64/fortcom    -mP1OPT_version=15.0-intel64 -mGLOB_diag_file=CMakeFiles/cmTC_6a1db.dir/CMakeFortranCompilerABI.F.diag -mGLOB_source_language=GLOB_SOURCE_LANGUAGE_F90 -mP2OPT_static_promotion -mP1OPT_print_version=FALSE -mCG_use_gas_got_workaround=F -mP2OPT_align_option_used=TRUE -mGLOB_gcc_version=485 "-mGLOB_options_string=-L$NETCDF/lib -v -m64 -o cmTC_6a1db" -mGLOB_cxx_limited_range=FALSE -mCG_extend_parms=FALSE -mGLOB_compiler_bin_directory=/public/software/compiler/intel/composer_xe_2015.2.164/bin/intel64 -mGLOB_as_output_backup_file_name=/tmp/ifort53d9CTas_.s -mIPOPT_activate -mGLOB_em64t -mGLOB_product_id_code=0x22006d8f -mP3OPT_use_mspp_call_convention -mP2OPT_subs_out_of_bound=FALSE -mGLOB_ansi_alias -mPGOPTI_value_profile_use=T -mGLOB_opt_report_use_source_name -mP2OPT_il0_array_sections=TRUE -mGLOB_offload_mode=1 -mP2OPT_offload_unique_var_string=ifort010643895651F71rIP -mP2OPT_hlo -mP2OPT_hpo_rtt_control=0 -mIPOPT_args_in_regs=0 -mP2OPT_disam_assume_nonstd_intent_in=FALSE -mGLOB_imf_mapping_library=/public/software/compiler/intel/composer_xe_2015.2.164/bin/intel64/libiml_attr.so -mPGOPTI_gen_threadsafe_level=0 -mIPOPT_link -mIPOPT_ipo_activate -mIPOPT_mo_activate -mIPOPT_source_files_list=/tmp/ifortsliszOyK4X -mIPOPT_mo_global_data -mIPOPT_link_script_file=/tmp/ifortscriptjA2gVB "-mIPOPT_cmdline_link="/usr/lib/gcc/x86_64-redhat-linux/4.8.5/../../../../lib64/crt1.o" "/usr/lib/gcc/x86_64-redhat-linux/4.8.5/../../../../lib64/crti.o" "/usr/lib/gcc/x86_64-redhat-linux/4.8.5/crtbegin.o" "--eh-frame-hdr" "--build-id" "-dynamic-linker" "/lib64/ld-linux-x86-64.so.2" "-m" "elf_x86_64" "-L$NETCDF/lib" "-o" "cmTC_6a1db" "/public/software/compiler/intel/composer_xe_2015.2.164/compiler/lib/intel64/for_main.o" "-L/public/software/compiler/intel/composer_xe_2015.2.164/compiler/lib/intel64" "-L/public/software/compiler/intel/composer_xe_2015.2.164/mkl/lib/intel64" "-L/public/software/compiler/intel/composer_xe_2017_update4//clck/2017.2.019/lib/intel64" "-L/public/software/compiler/intel/composer_xe_2017_update4/compilers_and_libraries_2017.4.196/linux/ipp/lib/intel64" "-L/public/software/compiler/intel/composer_xe_2017_update4/compilers_and_libraries_2017.4.196/linux/compiler/lib/intel64_lin" "-L/public/software/compiler/intel/composer_xe_2017_update4/compilers_and_libraries_2017.4.196/linux/mkl/lib/intel64_lin" "-L/public/software/compiler/intel/composer_xe_2017_update4/compilers_and_libraries_2017.4.196/linux/tbb/lib/intel64/gcc4.7" "-L/public/software/compiler/intel/composer_xe_2017_update4/compilers_and_libraries_2017.4.196/linux/daal/lib/intel64_lin" "-L/public/software/compiler/intel/composer_xe_2017_update4/compilers_and_libraries_2017.4.196/linux/ipp/lib/intel64" "-L/public/software/compiler/intel/composer_xe_2017_update4/compilers_and_libraries_2017.4.196/linux/compiler/lib/intel64_lin" "-L/public/software/compiler/intel/composer_xe_2017_update4/compilers_and_libraries_2017.4.196/linux/mkl/lib/intel64_lin" "-L/public/software/compiler/intel/composer_xe_2017_update4/compilers_and_libraries_2017.4.196/linux/tbb/lib/intel64/gcc4.7" "-L/public/software/compiler/intel/composer_xe_2017_update4/compilers_and_libraries_2017.4.196/linux/daal/lib/intel64_lin" "-L/public/software/compiler/intel/composer_xe_2017_update4/compilers_and_libraries_2017.4.196/linux/daal/../tbb/lib/intel64_lin/gcc4.4" "-L/public/software/compiler/intel/composer_xe_2015.2.164/compiler/lib/intel64" "-L/usr/lib/gcc/x86_64-redhat-linux/4.8.5/" "-L/usr/lib/gcc/x86_64-redhat-linux/4.8.5/../../../../lib64" "-L/usr/lib/gcc/x86_64-redhat-linux/4.8.5/../../../../lib64/" "-L/lib/../lib64" "-L/lib/../lib64/" "-L/usr/lib/../lib64" "-L/usr/lib/../lib64/" "-L/public/software/compiler/intel/composer_xe_2015.2.164/compiler/lib/intel64/" "-L/public/software/compiler/intel/composer_xe_2015.2.164/mkl/lib/intel64/" "-L/public/software/compiler/intel/composer_xe_2017_update4//clck/2017.2.019/lib/intel64/" "-L/public/software/compiler/intel/composer_xe_2017_update4/compilers_and_libraries_2017.4.196/linux/ipp/lib/intel64/" "-L/public/software/compiler/intel/composer_xe_2017_update4/compilers_and_libraries_2017.4.196/linux/compiler/lib/intel64_lin/" "-L/public/software/compiler/intel/composer_xe_2017_update4/compilers_and_libraries_2017.4.196/linux/mkl/lib/intel64_lin/" "-L/public/software/compiler/intel/composer_xe_2017_update4/compilers_and_libraries_2017.4.196/linux/tbb/lib/intel64/gcc4.7/" "-L/public/software/compiler/intel/composer_xe_2017_update4/compilers_and_libraries_2017.4.196/linux/daal/lib/intel64_lin/" "-L/public/software/compiler/intel/composer_xe_2017_update4/compilers_and_libraries_2017.4.196/linux/daal/../tbb/lib/intel64_lin/gcc4.4/" "-L/usr/lib/gcc/x86_64-redhat-linux/4.8.5/../../../" "-L/lib64" "-L/lib/" "-L/usr/lib64" "-L/usr/lib" "CMakeFiles/cmTC_6a1db.dir/CMakeFortranCompilerABI.F.o" "-Bdynamic" "-Bstatic" "-lifport" "-lifcore" "-limf" "-lsvml" "-Bdynamic" "-lm" "-Bstatic" "-lipgo" "-lirc" "-Bdynamic" "-lpthread" "-Bstatic" "-lsvml" "-Bdynamic" "-lc" "-lgcc" "-lgcc_s" "-Bstatic" "-lirc_s" "-Bdynamic" "-ldl" "-lc" "/usr/lib/gcc/x86_64-redhat-linux/4.8.5/crtend.o" "/usr/lib/gcc/x86_64-redhat-linux/4.8.5/../../../../lib64/crtn.o"" -mIPOPT_il_in_obj -mIPOPT_ipo_activate_warn=FALSE -mIPOPT_obj_output_file_name=/tmp/ipo_ifortrYWDZ6.o -mIPOPT_whole_archive_fixup_file_name=/tmp/ifortwarchdkeBGG -mGLOB_linker_version=2.25.1 -mGLOB_long_size_64 -mGLOB_routine_pointer_size_64 -mGLOB_driver_tempfile_name=/tmp/iforttempfiledPYzCk -mP3OPT_asm_target=P3OPT_ASM_TARGET_GAS -mGLOB_async_unwind_tables=TRUE -mGLOB_obj_output_file=/tmp/ipo_ifortrYWDZ6.o -mGLOB_source_dialect=GLOB_SOURCE_DIALECT_NONE -mP1OPT_source_file_name=ipo_out.f -mP2OPT_symtab_type_copy=true CMakeFiles/cmTC_6a1db.dir/CMakeFortranCompilerABI.F.o -mIPOPT_object_files=T -mIPOPT_assembly_files=/tmp/ifortalisrdQFGo -mIPOPT_generated_tempfiles=/tmp/ifortelis9ACbx2 -mIPOPT_embedded_object_base_name=/tmp/iforteobjJtQHnG -mIPOPT_cmdline_link_new_name=/tmp/ifortllisxNYdek
ld    /usr/lib/gcc/x86_64-redhat-linux/4.8.5/../../../../lib64/crt1.o /usr/lib/gcc/x86_64-redhat-linux/4.8.5/../../../../lib64/crti.o /usr/lib/gcc/x86_64-redhat-linux/4.8.5/crtbegin.o --eh-frame-hdr --build-id -dynamic-linker /lib64/ld-linux-x86-64.so.2 -m elf_x86_64 -L$NETCDF/lib -o cmTC_6a1db /public/software/compiler/intel/composer_xe_2015.2.164/compiler/lib/intel64/for_main.o -L/public/software/compiler/intel/composer_xe_2015.2.164/compiler/lib/intel64 -L/public/software/compiler/intel/composer_xe_2015.2.164/mkl/lib/intel64 -L/public/software/compiler/intel/composer_xe_2017_update4//clck/2017.2.019/lib/intel64 -L/public/software/compiler/intel/composer_xe_2017_update4/compilers_and_libraries_2017.4.196/linux/ipp/lib/intel64 -L/public/software/compiler/intel/composer_xe_2017_update4/compilers_and_libraries_2017.4.196/linux/compiler/lib/intel64_lin -L/public/software/compiler/intel/composer_xe_2017_update4/compilers_and_libraries_2017.4.196/linux/mkl/lib/intel64_lin -L/public/software/compiler/intel/composer_xe_2017_update4/compilers_and_libraries_2017.4.196/linux/tbb/lib/intel64/gcc4.7 -L/public/software/compiler/intel/composer_xe_2017_update4/compilers_and_libraries_2017.4.196/linux/daal/lib/intel64_lin -L/public/software/compiler/intel/composer_xe_2017_update4/compilers_and_libraries_2017.4.196/linux/ipp/lib/intel64 -L/public/software/compiler/intel/composer_xe_2017_update4/compilers_and_libraries_2017.4.196/linux/compiler/lib/intel64_lin -L/public/software/compiler/intel/composer_xe_2017_update4/compilers_and_libraries_2017.4.196/linux/mkl/lib/intel64_lin -L/public/software/compiler/intel/composer_xe_2017_update4/compilers_and_libraries_2017.4.196/linux/tbb/lib/intel64/gcc4.7 -L/public/software/compiler/intel/composer_xe_2017_update4/compilers_and_libraries_2017.4.196/linux/daal/lib/intel64_lin -L/public/software/compiler/intel/composer_xe_2017_update4/compilers_and_libraries_2017.4.196/linux/daal/../tbb/lib/intel64_lin/gcc4.4 -L/public/software/compiler/intel/composer_xe_2015.2.164/compiler/lib/intel64 -L/usr/lib/gcc/x86_64-redhat-linux/4.8.5/ -L/usr/lib/gcc/x86_64-redhat-linux/4.8.5/../../../../lib64 -L/usr/lib/gcc/x86_64-redhat-linux/4.8.5/../../../../lib64/ -L/lib/../lib64 -L/lib/../lib64/ -L/usr/lib/../lib64 -L/usr/lib/../lib64/ -L/public/software/compiler/intel/composer_xe_2015.2.164/compiler/lib/intel64/ -L/public/software/compiler/intel/composer_xe_2015.2.164/mkl/lib/intel64/ -L/public/software/compiler/intel/composer_xe_2017_update4//clck/2017.2.019/lib/intel64/ -L/public/software/compiler/intel/composer_xe_2017_update4/compilers_and_libraries_2017.4.196/linux/ipp/lib/intel64/ -L/public/software/compiler/intel/composer_xe_2017_update4/compilers_and_libraries_2017.4.196/linux/compiler/lib/intel64_lin/ -L/public/software/compiler/intel/composer_xe_2017_update4/compilers_and_libraries_2017.4.196/linux/mkl/lib/intel64_lin/ -L/public/software/compiler/intel/composer_xe_2017_update4/compilers_and_libraries_2017.4.196/linux/tbb/lib/intel64/gcc4.7/ -L/public/software/compiler/intel/composer_xe_2017_update4/compilers_and_libraries_2017.4.196/linux/daal/lib/intel64_lin/ -L/public/software/compiler/intel/composer_xe_2017_update4/compilers_and_libraries_2017.4.196/linux/daal/../tbb/lib/intel64_lin/gcc4.4/ -L/usr/lib/gcc/x86_64-redhat-linux/4.8.5/../../../ -L/lib64 -L/lib/ -L/usr/lib64 -L/usr/lib CMakeFiles/cmTC_6a1db.dir/CMakeFortranCompilerABI.F.o -Bdynamic -Bstatic -lifport -lifcore -limf -lsvml -Bdynamic -lm -Bstatic -lipgo -lirc -Bdynamic -lpthread -Bstatic -lsvml -Bdynamic -lc -lgcc -lgcc_s -Bstatic -lirc_s -Bdynamic -ldl -lc /usr/lib/gcc/x86_64-redhat-linux/4.8.5/crtend.o /usr/lib/gcc/x86_64-redhat-linux/4.8.5/../../../../lib64/crtn.o
gmake[1]: Leaving directory `/public/home/SL11834034/project/gotmwork/build/CMakeFiles/CMakeTmp'



Parsed Fortran implicit include dir info from above output: rv=done
  found start of include info
  found start of implicit include info
    add: [.]
    add: [/public/software/compiler/intel/composer_xe_2015.2.164/mkl/include]
    add: [/public/software/compiler/intel/composer_xe_2017_update4/compilers_and_libraries_2017.4.196/linux/ipp/include]
    add: [/public/software/compiler/intel/composer_xe_2017_update4/compilers_and_libraries_2017.4.196/linux/mkl/include]
    add: [/public/software/compiler/intel/composer_xe_2017_update4/compilers_and_libraries_2017.4.196/linux/tbb/include]
    add: [/public/software/compiler/intel/composer_xe_2017_update4/compilers_and_libraries_2017.4.196/linux/daal/include]
    add: [/public/software/compiler/intel/composer_xe_2017_update4/compilers_and_libraries_2017.4.196/linux/ipp/include]
    add: [/public/software/compiler/intel/composer_xe_2017_update4/compilers_and_libraries_2017.4.196/linux/mkl/include]
    add: [/public/software/compiler/intel/composer_xe_2017_update4/compilers_and_libraries_2017.4.196/linux/tbb/include]
    add: [/public/software/compiler/intel/composer_xe_2017_update4/compilers_and_libraries_2017.4.196/linux/daal/include]
    add: [/public/software/compiler/intel/composer_xe_2015.2.164/compiler/include/intel64]
    add: [/public/software/compiler/intel/composer_xe_2015.2.164/compiler/include]
    add: [/usr/local/include]
    add: [/usr/lib/gcc/x86_64-redhat-linux/4.8.5/include]
    add: [/usr/include/]
    add: [/usr/include]
  end of search list found
  skipping relative include dir [.]
  collapse include dir [/public/software/compiler/intel/composer_xe_2015.2.164/mkl/include] ==> [/public/software/compiler/intel/composer_xe_2015.2.164/mkl/include]
  collapse include dir [/public/software/compiler/intel/composer_xe_2017_update4/compilers_and_libraries_2017.4.196/linux/ipp/include] ==> [/public/software/compiler/intel/composer_xe_2017_update4/compilers_and_libraries_2017.4.196/linux/ipp/include]
  collapse include dir [/public/software/compiler/intel/composer_xe_2017_update4/compilers_and_libraries_2017.4.196/linux/mkl/include] ==> [/public/software/compiler/intel/composer_xe_2017_update4/compilers_and_libraries_2017.4.196/linux/mkl/include]
  collapse include dir [/public/software/compiler/intel/composer_xe_2017_update4/compilers_and_libraries_2017.4.196/linux/tbb/include] ==> [/public/software/compiler/intel/composer_xe_2017_update4/compilers_and_libraries_2017.4.196/linux/tbb/include]
  collapse include dir [/public/software/compiler/intel/composer_xe_2017_update4/compilers_and_libraries_2017.4.196/linux/daal/include] ==> [/public/software/compiler/intel/composer_xe_2017_update4/compilers_and_libraries_2017.4.196/linux/daal/include]
  collapse include dir [/public/software/compiler/intel/composer_xe_2017_update4/compilers_and_libraries_2017.4.196/linux/ipp/include] ==> [/public/software/compiler/intel/composer_xe_2017_update4/compilers_and_libraries_2017.4.196/linux/ipp/include]
  collapse include dir [/public/software/compiler/intel/composer_xe_2017_update4/compilers_and_libraries_2017.4.196/linux/mkl/include] ==> [/public/software/compiler/intel/composer_xe_2017_update4/compilers_and_libraries_2017.4.196/linux/mkl/include]
  collapse include dir [/public/software/compiler/intel/composer_xe_2017_update4/compilers_and_libraries_2017.4.196/linux/tbb/include] ==> [/public/software/compiler/intel/composer_xe_2017_update4/compilers_and_libraries_2017.4.196/linux/tbb/include]
  collapse include dir [/public/software/compiler/intel/composer_xe_2017_update4/compilers_and_libraries_2017.4.196/linux/daal/include] ==> [/public/software/compiler/intel/composer_xe_2017_update4/compilers_and_libraries_2017.4.196/linux/daal/include]
  collapse include dir [/public/software/compiler/intel/composer_xe_2015.2.164/compiler/include/intel64] ==> [/public/software/compiler/intel/composer_xe_2015.2.164/compiler/include/intel64]
  collapse include dir [/public/software/compiler/intel/composer_xe_2015.2.164/compiler/include] ==> [/public/software/compiler/intel/composer_xe_2015.2.164/compiler/include]
  collapse include dir [/usr/local/include] ==> [/usr/local/include]
  collapse include dir [/usr/lib/gcc/x86_64-redhat-linux/4.8.5/include] ==> [/usr/lib/gcc/x86_64-redhat-linux/4.8.5/include]
  collapse include dir [/usr/include/] ==> [/usr/include]
  collapse include dir [/usr/include] ==> [/usr/include]
  implicit include dirs: [/public/software/compiler/intel/composer_xe_2015.2.164/mkl/include;/public/software/compiler/intel/composer_xe_2017_update4/compilers_and_libraries_2017.4.196/linux/ipp/include;/public/software/compiler/intel/composer_xe_2017_update4/compilers_and_libraries_2017.4.196/linux/mkl/include;/public/software/compiler/intel/composer_xe_2017_update4/compilers_and_libraries_2017.4.196/linux/tbb/include;/public/software/compiler/intel/composer_xe_2017_update4/compilers_and_libraries_2017.4.196/linux/daal/include;/public/software/compiler/intel/composer_xe_2015.2.164/compiler/include/intel64;/public/software/compiler/intel/composer_xe_2015.2.164/compiler/include;/usr/local/include;/usr/lib/gcc/x86_64-redhat-linux/4.8.5/include;/usr/include]


Parsed Fortran implicit link information from above output:
  link line regex: [^( *|.*[/\])(ld|CMAKE_LINK_STARTFILE-NOTFOUND|([^/\]+-)?ld|collect2)[^/\]*( |$)]
  ignore line: [Change Dir: /public/home/SL11834034/project/gotmwork/build/CMakeFiles/CMakeTmp]
  ignore line: []
  ignore line: [Run Build Command(s):/usr/bin/gmake cmTC_6a1db/fast && /usr/bin/gmake -f CMakeFiles/cmTC_6a1db.dir/build.make CMakeFiles/cmTC_6a1db.dir/build]
  ignore line: [gmake[1]: Entering directory `/public/home/SL11834034/project/gotmwork/build/CMakeFiles/CMakeTmp']
  ignore line: [Building Fortran object CMakeFiles/cmTC_6a1db.dir/CMakeFortranCompilerABI.F.o]
  ignore line: [/public/software/compiler/intel/composer_xe_2015.2.164/bin/intel64/ifort   -m64    -v -c /public/home/SL11834034/env/cmake/share/cmake-3.16/Modules/CMakeFortranCompilerABI.F -o CMakeFiles/cmTC_6a1db.dir/CMakeFortranCompilerABI.F.o]
  ignore line: [ifort version 15.0.2]
  ignore line: [/public/software/compiler/intel/composer_xe_2015.2.164/bin/intel64/fpp    -D__INTEL_COMPILER=1500 -D__INTEL_COMPILER_UPDATE=2 -D__unix__ -D__unix -D__linux__ -D__linux -D__gnu_linux__ -Dunix -Dlinux -D__ELF__ -D__x86_64 -D__x86_64__ -D__amd64 -D__amd64__ -D_MT -D__INTEL_COMPILER_BUILD_DATE=20150121 -D__INTEL_OFFLOAD -D__i686 -D__i686__ -D__pentiumpro -D__pentiumpro__ -D__pentium4 -D__pentium4__ -D__tune_pentium4__ -D__SSE2__ -D__SSE2_MATH__ -D__SSE__ -D__SSE_MATH__ -D__MMX__ -I. -I/public/software/compiler/intel/composer_xe_2015.2.164/mkl/include -I/public/software/compiler/intel/composer_xe_2017_update4/compilers_and_libraries_2017.4.196/linux/ipp/include -I/public/software/compiler/intel/composer_xe_2017_update4/compilers_and_libraries_2017.4.196/linux/mkl/include -I/public/software/compiler/intel/composer_xe_2017_update4/compilers_and_libraries_2017.4.196/linux/tbb/include -I/public/software/compiler/intel/composer_xe_2017_update4/compilers_and_libraries_2017.4.196/linux/daal/include -I/public/software/compiler/intel/composer_xe_2017_update4/compilers_and_libraries_2017.4.196/linux/ipp/include -I/public/software/compiler/intel/composer_xe_2017_update4/compilers_and_libraries_2017.4.196/linux/mkl/include -I/public/software/compiler/intel/composer_xe_2017_update4/compilers_and_libraries_2017.4.196/linux/tbb/include -I/public/software/compiler/intel/composer_xe_2017_update4/compilers_and_libraries_2017.4.196/linux/daal/include -I/public/software/compiler/intel/composer_xe_2015.2.164/compiler/include/intel64 -I/public/software/compiler/intel/composer_xe_2015.2.164/compiler/include -I/usr/local/include -I/usr/lib/gcc/x86_64-redhat-linux/4.8.5/include -I/usr/include/ -I/usr/include -fixed -4Ycpp -4Ncvf -f_com=yes -MX /public/home/SL11834034/env/cmake/share/cmake-3.16/Modules/CMakeFortranCompilerABI.F /tmp/ifortjoAaVI.i]
  ignore line: [#include "..." search starts here:]
  ignore line: [#include <...> search starts here:]
  ignore line: [ .]
  ignore line: [ /public/software/compiler/intel/composer_xe_2015.2.164/mkl/include]
  ignore line: [ /public/software/compiler/intel/composer_xe_2017_update4/compilers_and_libraries_2017.4.196/linux/ipp/include]
  ignore line: [ /public/software/compiler/intel/composer_xe_2017_update4/compilers_and_libraries_2017.4.196/linux/mkl/include]
  ignore line: [ /public/software/compiler/intel/composer_xe_2017_update4/compilers_and_libraries_2017.4.196/linux/tbb/include]
  ignore line: [ /public/software/compiler/intel/composer_xe_2017_update4/compilers_and_libraries_2017.4.196/linux/daal/include]
  ignore line: [ /public/software/compiler/intel/composer_xe_2017_update4/compilers_and_libraries_2017.4.196/linux/ipp/include]
  ignore line: [ /public/software/compiler/intel/composer_xe_2017_update4/compilers_and_libraries_2017.4.196/linux/mkl/include]
  ignore line: [ /public/software/compiler/intel/composer_xe_2017_update4/compilers_and_libraries_2017.4.196/linux/tbb/include]
  ignore line: [ /public/software/compiler/intel/composer_xe_2017_update4/compilers_and_libraries_2017.4.196/linux/daal/include]
  ignore line: [ /public/software/compiler/intel/composer_xe_2015.2.164/compiler/include/intel64]
  ignore line: [ /public/software/compiler/intel/composer_xe_2015.2.164/compiler/include]
  ignore line: [ /usr/local/include]
  ignore line: [ /usr/lib/gcc/x86_64-redhat-linux/4.8.5/include]
  ignore line: [ /usr/include/]
  ignore line: [ /usr/include]
  ignore line: [End of search list.]
  ignore line: [/public/software/compiler/intel/composer_xe_2015.2.164/bin/intel64/fortcom    -D__INTEL_COMPILER=1500 -D__INTEL_COMPILER_UPDATE=2 -D__unix__ -D__unix -D__linux__ -D__linux -D__gnu_linux__ -Dunix -Dlinux -D__ELF__ -D__x86_64 -D__x86_64__ -D__amd64 -D__amd64__ -D_MT -D__INTEL_COMPILER_BUILD_DATE=20150121 -D__INTEL_OFFLOAD -D__i686 -D__i686__ -D__pentiumpro -D__pentiumpro__ -D__pentium4 -D__pentium4__ -D__tune_pentium4__ -D__SSE2__ -D__SSE2_MATH__ -D__SSE__ -D__SSE_MATH__ -D__MMX__ -mGLOB_pack_sort_init_list -I/public/home/SL11834034/env/cmake/share/cmake-3.16/Modules -I. -I/public/software/compiler/intel/composer_xe_2015.2.164/mkl/include -I/public/software/compiler/intel/composer_xe_2017_update4/compilers_and_libraries_2017.4.196/linux/ipp/include -I/public/software/compiler/intel/composer_xe_2017_update4/compilers_and_libraries_2017.4.196/linux/mkl/include -I/public/software/compiler/intel/composer_xe_2017_update4/compilers_and_libraries_2017.4.196/linux/tbb/include -I/public/software/compiler/intel/composer_xe_2017_update4/compilers_and_libraries_2017.4.196/linux/daal/include -I/public/software/compiler/intel/composer_xe_2017_update4/compilers_and_libraries_2017.4.196/linux/ipp/include -I/public/software/compiler/intel/composer_xe_2017_update4/compilers_and_libraries_2017.4.196/linux/mkl/include -I/public/software/compiler/intel/composer_xe_2017_update4/compilers_and_libraries_2017.4.196/linux/tbb/include -I/public/software/compiler/intel/composer_xe_2017_update4/compilers_and_libraries_2017.4.196/linux/daal/include -I/public/software/compiler/intel/composer_xe_2015.2.164/compiler/include/intel64 -I/public/software/compiler/intel/composer_xe_2015.2.164/compiler/include -I/usr/local/include -I/usr/lib/gcc/x86_64-redhat-linux/4.8.5/include -I/usr/include/ -I/usr/include -O2 -simd -offload_host -mP1OPT_version=15.0-intel64 -mGLOB_diag_file=CMakeFiles/cmTC_6a1db.dir/CMakeFortranCompilerABI.F.diag -mGLOB_source_language=GLOB_SOURCE_LANGUAGE_F90 -mP2OPT_static_promotion -mP1OPT_print_version=FALSE -mCG_use_gas_got_workaround=F -mP2OPT_align_option_used=TRUE -mGLOB_gcc_version=485 "-mGLOB_options_string=-m64 -v -c -o CMakeFiles/cmTC_6a1db.dir/CMakeFortranCompilerABI.F.o" -mGLOB_cxx_limited_range=FALSE -mCG_extend_parms=FALSE -mGLOB_compiler_bin_directory=/public/software/compiler/intel/composer_xe_2015.2.164/bin/intel64 -mGLOB_as_output_backup_file_name=/tmp/ifortSEGIMDas_.s -mIPOPT_activate -mIPOPT_lite -mGLOB_em64t -mGLOB_instruction_tuning=0x0 -mGLOB_product_id_code=0x22006d8f -mCG_bnl_movbe=T -mGLOB_extended_instructions=0x8 -mP3OPT_use_mspp_call_convention -mP2OPT_subs_out_of_bound=FALSE -mGLOB_ansi_alias -mPGOPTI_value_profile_use=T -mP2OPT_il0_array_sections=TRUE -mGLOB_offload_mode=1 -mP2OPT_offload_unique_var_string=ifort010440388994nLJkpT -mP2OPT_hlo_level=2 -mP2OPT_hlo -mP2OPT_hpo_rtt_control=0 -mIPOPT_args_in_regs=0 -mP2OPT_disam_assume_nonstd_intent_in=FALSE -mGLOB_imf_mapping_library=/public/software/compiler/intel/composer_xe_2015.2.164/bin/intel64/libiml_attr.so -mPGOPTI_gen_threadsafe_level=0 -mIPOPT_lto_object_enabled -mIPOPT_lto_object_value=1 -mIPOPT_obj_output_file_name=CMakeFiles/cmTC_6a1db.dir/CMakeFortranCompilerABI.F.o -mIPOPT_whole_archive_fixup_file_name=/tmp/ifortwarchmpsC3U -mGLOB_linker_version=2.25.1 -mGLOB_long_size_64 -mGLOB_routine_pointer_size_64 -mGLOB_driver_tempfile_name=/tmp/iforttempfilenkHcHy -mP3OPT_asm_target=P3OPT_ASM_TARGET_GAS -mGLOB_async_unwind_tables=TRUE -mGLOB_obj_output_file=CMakeFiles/cmTC_6a1db.dir/CMakeFortranCompilerABI.F.o -mGLOB_source_dialect=GLOB_SOURCE_DIALECT_FORTRAN -mP1OPT_source_file_name=/public/home/SL11834034/env/cmake/share/cmake-3.16/Modules/CMakeFortranCompilerABI.F -mP2OPT_symtab_type_copy=true /tmp/ifortjoAaVI.i]
  ignore line: [#include "..." search starts here:]
  ignore line: [#include <...> search starts here:]
  ignore line: [ /public/home/SL11834034/env/cmake/share/cmake-3.16/Modules]
  ignore line: [ .]
  ignore line: [ /public/software/compiler/intel/composer_xe_2015.2.164/mkl/include]
  ignore line: [ /public/software/compiler/intel/composer_xe_2017_update4/compilers_and_libraries_2017.4.196/linux/ipp/include]
  ignore line: [ /public/software/compiler/intel/composer_xe_2017_update4/compilers_and_libraries_2017.4.196/linux/mkl/include]
  ignore line: [ /public/software/compiler/intel/composer_xe_2017_update4/compilers_and_libraries_2017.4.196/linux/tbb/include]
  ignore line: [ /public/software/compiler/intel/composer_xe_2017_update4/compilers_and_libraries_2017.4.196/linux/daal/include]
  ignore line: [ /public/software/compiler/intel/composer_xe_2017_update4/compilers_and_libraries_2017.4.196/linux/ipp/include]
  ignore line: [ /public/software/compiler/intel/composer_xe_2017_update4/compilers_and_libraries_2017.4.196/linux/mkl/include]
  ignore line: [ /public/software/compiler/intel/composer_xe_2017_update4/compilers_and_libraries_2017.4.196/linux/tbb/include]
  ignore line: [ /public/software/compiler/intel/composer_xe_2017_update4/compilers_and_libraries_2017.4.196/linux/daal/include]
  ignore line: [ /public/software/compiler/intel/composer_xe_2015.2.164/compiler/include/intel64]
  ignore line: [ /public/software/compiler/intel/composer_xe_2015.2.164/compiler/include]
  ignore line: [ /usr/local/include]
  ignore line: [ /usr/lib/gcc/x86_64-redhat-linux/4.8.5/include]
  ignore line: [ /usr/include/]
  ignore line: [ /usr/include]
  ignore line: [End of search list.]
  ignore line: [Linking Fortran executable cmTC_6a1db]
  ignore line: [/public/home/SL11834034/env/cmake/bin/cmake -E cmake_link_script CMakeFiles/cmTC_6a1db.dir/link.txt --verbose=1]
  ignore line: [/public/software/compiler/intel/composer_xe_2015.2.164/bin/intel64/ifort  -L$NETCDF/lib -v -m64  CMakeFiles/cmTC_6a1db.dir/CMakeFortranCompilerABI.F.o  -o cmTC_6a1db ]
  ignore line: [ifort version 15.0.2]
  ignore line: [/public/software/compiler/intel/composer_xe_2015.2.164/bin/intel64/fortcom    -mP1OPT_version=15.0-intel64 -mGLOB_diag_file=CMakeFiles/cmTC_6a1db.dir/CMakeFortranCompilerABI.F.diag -mGLOB_source_language=GLOB_SOURCE_LANGUAGE_F90 -mP2OPT_static_promotion -mP1OPT_print_version=FALSE -mCG_use_gas_got_workaround=F -mP2OPT_align_option_used=TRUE -mGLOB_gcc_version=485 "-mGLOB_options_string=-L$NETCDF/lib -v -m64 -o cmTC_6a1db" -mGLOB_cxx_limited_range=FALSE -mCG_extend_parms=FALSE -mGLOB_compiler_bin_directory=/public/software/compiler/intel/composer_xe_2015.2.164/bin/intel64 -mGLOB_as_output_backup_file_name=/tmp/ifort53d9CTas_.s -mIPOPT_activate -mGLOB_em64t -mGLOB_product_id_code=0x22006d8f -mP3OPT_use_mspp_call_convention -mP2OPT_subs_out_of_bound=FALSE -mGLOB_ansi_alias -mPGOPTI_value_profile_use=T -mGLOB_opt_report_use_source_name -mP2OPT_il0_array_sections=TRUE -mGLOB_offload_mode=1 -mP2OPT_offload_unique_var_string=ifort010643895651F71rIP -mP2OPT_hlo -mP2OPT_hpo_rtt_control=0 -mIPOPT_args_in_regs=0 -mP2OPT_disam_assume_nonstd_intent_in=FALSE -mGLOB_imf_mapping_library=/public/software/compiler/intel/composer_xe_2015.2.164/bin/intel64/libiml_attr.so -mPGOPTI_gen_threadsafe_level=0 -mIPOPT_link -mIPOPT_ipo_activate -mIPOPT_mo_activate -mIPOPT_source_files_list=/tmp/ifortsliszOyK4X -mIPOPT_mo_global_data -mIPOPT_link_script_file=/tmp/ifortscriptjA2gVB "-mIPOPT_cmdline_link="/usr/lib/gcc/x86_64-redhat-linux/4.8.5/../../../../lib64/crt1.o" "/usr/lib/gcc/x86_64-redhat-linux/4.8.5/../../../../lib64/crti.o" "/usr/lib/gcc/x86_64-redhat-linux/4.8.5/crtbegin.o" "--eh-frame-hdr" "--build-id" "-dynamic-linker" "/lib64/ld-linux-x86-64.so.2" "-m" "elf_x86_64" "-L$NETCDF/lib" "-o" "cmTC_6a1db" "/public/software/compiler/intel/composer_xe_2015.2.164/compiler/lib/intel64/for_main.o" "-L/public/software/compiler/intel/composer_xe_2015.2.164/compiler/lib/intel64" "-L/public/software/compiler/intel/composer_xe_2015.2.164/mkl/lib/intel64" "-L/public/software/compiler/intel/composer_xe_2017_update4//clck/2017.2.019/lib/intel64" "-L/public/software/compiler/intel/composer_xe_2017_update4/compilers_and_libraries_2017.4.196/linux/ipp/lib/intel64" "-L/public/software/compiler/intel/composer_xe_2017_update4/compilers_and_libraries_2017.4.196/linux/compiler/lib/intel64_lin" "-L/public/software/compiler/intel/composer_xe_2017_update4/compilers_and_libraries_2017.4.196/linux/mkl/lib/intel64_lin" "-L/public/software/compiler/intel/composer_xe_2017_update4/compilers_and_libraries_2017.4.196/linux/tbb/lib/intel64/gcc4.7" "-L/public/software/compiler/intel/composer_xe_2017_update4/compilers_and_libraries_2017.4.196/linux/daal/lib/intel64_lin" "-L/public/software/compiler/intel/composer_xe_2017_update4/compilers_and_libraries_2017.4.196/linux/ipp/lib/intel64" "-L/public/software/compiler/intel/composer_xe_2017_update4/compilers_and_libraries_2017.4.196/linux/compiler/lib/intel64_lin" "-L/public/software/compiler/intel/composer_xe_2017_update4/compilers_and_libraries_2017.4.196/linux/mkl/lib/intel64_lin" "-L/public/software/compiler/intel/composer_xe_2017_update4/compilers_and_libraries_2017.4.196/linux/tbb/lib/intel64/gcc4.7" "-L/public/software/compiler/intel/composer_xe_2017_update4/compilers_and_libraries_2017.4.196/linux/daal/lib/intel64_lin" "-L/public/software/compiler/intel/composer_xe_2017_update4/compilers_and_libraries_2017.4.196/linux/daal/../tbb/lib/intel64_lin/gcc4.4" "-L/public/software/compiler/intel/composer_xe_2015.2.164/compiler/lib/intel64" "-L/usr/lib/gcc/x86_64-redhat-linux/4.8.5/" "-L/usr/lib/gcc/x86_64-redhat-linux/4.8.5/../../../../lib64" "-L/usr/lib/gcc/x86_64-redhat-linux/4.8.5/../../../../lib64/" "-L/lib/../lib64" "-L/lib/../lib64/" "-L/usr/lib/../lib64" "-L/usr/lib/../lib64/" "-L/public/software/compiler/intel/composer_xe_2015.2.164/compiler/lib/intel64/" "-L/public/software/compiler/intel/composer_xe_2015.2.164/mkl/lib/intel64/" "-L/public/software/compiler/intel/composer_xe_2017_update4//clck/2017.2.019/lib/intel64/" "-L/public/software/compiler/intel/composer_xe_2017_update4/compilers_and_libraries_2017.4.196/linux/ipp/lib/intel64/" "-L/public/software/compiler/intel/composer_xe_2017_update4/compilers_and_libraries_2017.4.196/linux/compiler/lib/intel64_lin/" "-L/public/software/compiler/intel/composer_xe_2017_update4/compilers_and_libraries_2017.4.196/linux/mkl/lib/intel64_lin/" "-L/public/software/compiler/intel/composer_xe_2017_update4/compilers_and_libraries_2017.4.196/linux/tbb/lib/intel64/gcc4.7/" "-L/public/software/compiler/intel/composer_xe_2017_update4/compilers_and_libraries_2017.4.196/linux/daal/lib/intel64_lin/" "-L/public/software/compiler/intel/composer_xe_2017_update4/compilers_and_libraries_2017.4.196/linux/daal/../tbb/lib/intel64_lin/gcc4.4/" "-L/usr/lib/gcc/x86_64-redhat-linux/4.8.5/../../../" "-L/lib64" "-L/lib/" "-L/usr/lib64" "-L/usr/lib" "CMakeFiles/cmTC_6a1db.dir/CMakeFortranCompilerABI.F.o" "-Bdynamic" "-Bstatic" "-lifport" "-lifcore" "-limf" "-lsvml" "-Bdynamic" "-lm" "-Bstatic" "-lipgo" "-lirc" "-Bdynamic" "-lpthread" "-Bstatic" "-lsvml" "-Bdynamic" "-lc" "-lgcc" "-lgcc_s" "-Bstatic" "-lirc_s" "-Bdynamic" "-ldl" "-lc" "/usr/lib/gcc/x86_64-redhat-linux/4.8.5/crtend.o" "/usr/lib/gcc/x86_64-redhat-linux/4.8.5/../../../../lib64/crtn.o"" -mIPOPT_il_in_obj -mIPOPT_ipo_activate_warn=FALSE -mIPOPT_obj_output_file_name=/tmp/ipo_ifortrYWDZ6.o -mIPOPT_whole_archive_fixup_file_name=/tmp/ifortwarchdkeBGG -mGLOB_linker_version=2.25.1 -mGLOB_long_size_64 -mGLOB_routine_pointer_size_64 -mGLOB_driver_tempfile_name=/tmp/iforttempfiledPYzCk -mP3OPT_asm_target=P3OPT_ASM_TARGET_GAS -mGLOB_async_unwind_tables=TRUE -mGLOB_obj_output_file=/tmp/ipo_ifortrYWDZ6.o -mGLOB_source_dialect=GLOB_SOURCE_DIALECT_NONE -mP1OPT_source_file_name=ipo_out.f -mP2OPT_symtab_type_copy=true CMakeFiles/cmTC_6a1db.dir/CMakeFortranCompilerABI.F.o -mIPOPT_object_files=T -mIPOPT_assembly_files=/tmp/ifortalisrdQFGo -mIPOPT_generated_tempfiles=/tmp/ifortelis9ACbx2 -mIPOPT_embedded_object_base_name=/tmp/iforteobjJtQHnG -mIPOPT_cmdline_link_new_name=/tmp/ifortllisxNYdek]
  link line: [ld    /usr/lib/gcc/x86_64-redhat-linux/4.8.5/../../../../lib64/crt1.o /usr/lib/gcc/x86_64-redhat-linux/4.8.5/../../../../lib64/crti.o /usr/lib/gcc/x86_64-redhat-linux/4.8.5/crtbegin.o --eh-frame-hdr --build-id -dynamic-linker /lib64/ld-linux-x86-64.so.2 -m elf_x86_64 -L$NETCDF/lib -o cmTC_6a1db /public/software/compiler/intel/composer_xe_2015.2.164/compiler/lib/intel64/for_main.o -L/public/software/compiler/intel/composer_xe_2015.2.164/compiler/lib/intel64 -L/public/software/compiler/intel/composer_xe_2015.2.164/mkl/lib/intel64 -L/public/software/compiler/intel/composer_xe_2017_update4//clck/2017.2.019/lib/intel64 -L/public/software/compiler/intel/composer_xe_2017_update4/compilers_and_libraries_2017.4.196/linux/ipp/lib/intel64 -L/public/software/compiler/intel/composer_xe_2017_update4/compilers_and_libraries_2017.4.196/linux/compiler/lib/intel64_lin -L/public/software/compiler/intel/composer_xe_2017_update4/compilers_and_libraries_2017.4.196/linux/mkl/lib/intel64_lin -L/public/software/compiler/intel/composer_xe_2017_update4/compilers_and_libraries_2017.4.196/linux/tbb/lib/intel64/gcc4.7 -L/public/software/compiler/intel/composer_xe_2017_update4/compilers_and_libraries_2017.4.196/linux/daal/lib/intel64_lin -L/public/software/compiler/intel/composer_xe_2017_update4/compilers_and_libraries_2017.4.196/linux/ipp/lib/intel64 -L/public/software/compiler/intel/composer_xe_2017_update4/compilers_and_libraries_2017.4.196/linux/compiler/lib/intel64_lin -L/public/software/compiler/intel/composer_xe_2017_update4/compilers_and_libraries_2017.4.196/linux/mkl/lib/intel64_lin -L/public/software/compiler/intel/composer_xe_2017_update4/compilers_and_libraries_2017.4.196/linux/tbb/lib/intel64/gcc4.7 -L/public/software/compiler/intel/composer_xe_2017_update4/compilers_and_libraries_2017.4.196/linux/daal/lib/intel64_lin -L/public/software/compiler/intel/composer_xe_2017_update4/compilers_and_libraries_2017.4.196/linux/daal/../tbb/lib/intel64_lin/gcc4.4 -L/public/software/compiler/intel/composer_xe_2015.2.164/compiler/lib/intel64 -L/usr/lib/gcc/x86_64-redhat-linux/4.8.5/ -L/usr/lib/gcc/x86_64-redhat-linux/4.8.5/../../../../lib64 -L/usr/lib/gcc/x86_64-redhat-linux/4.8.5/../../../../lib64/ -L/lib/../lib64 -L/lib/../lib64/ -L/usr/lib/../lib64 -L/usr/lib/../lib64/ -L/public/software/compiler/intel/composer_xe_2015.2.164/compiler/lib/intel64/ -L/public/software/compiler/intel/composer_xe_2015.2.164/mkl/lib/intel64/ -L/public/software/compiler/intel/composer_xe_2017_update4//clck/2017.2.019/lib/intel64/ -L/public/software/compiler/intel/composer_xe_2017_update4/compilers_and_libraries_2017.4.196/linux/ipp/lib/intel64/ -L/public/software/compiler/intel/composer_xe_2017_update4/compilers_and_libraries_2017.4.196/linux/compiler/lib/intel64_lin/ -L/public/software/compiler/intel/composer_xe_2017_update4/compilers_and_libraries_2017.4.196/linux/mkl/lib/intel64_lin/ -L/public/software/compiler/intel/composer_xe_2017_update4/compilers_and_libraries_2017.4.196/linux/tbb/lib/intel64/gcc4.7/ -L/public/software/compiler/intel/composer_xe_2017_update4/compilers_and_libraries_2017.4.196/linux/daal/lib/intel64_lin/ -L/public/software/compiler/intel/composer_xe_2017_update4/compilers_and_libraries_2017.4.196/linux/daal/../tbb/lib/intel64_lin/gcc4.4/ -L/usr/lib/gcc/x86_64-redhat-linux/4.8.5/../../../ -L/lib64 -L/lib/ -L/usr/lib64 -L/usr/lib CMakeFiles/cmTC_6a1db.dir/CMakeFortranCompilerABI.F.o -Bdynamic -Bstatic -lifport -lifcore -limf -lsvml -Bdynamic -lm -Bstatic -lipgo -lirc -Bdynamic -lpthread -Bstatic -lsvml -Bdynamic -lc -lgcc -lgcc_s -Bstatic -lirc_s -Bdynamic -ldl -lc /usr/lib/gcc/x86_64-redhat-linux/4.8.5/crtend.o /usr/lib/gcc/x86_64-redhat-linux/4.8.5/../../../../lib64/crtn.o]
    arg [ld] ==> ignore
    arg [/usr/lib/gcc/x86_64-redhat-linux/4.8.5/../../../../lib64/crt1.o] ==> ignore
    arg [/usr/lib/gcc/x86_64-redhat-linux/4.8.5/../../../../lib64/crti.o] ==> ignore
    arg [/usr/lib/gcc/x86_64-redhat-linux/4.8.5/crtbegin.o] ==> ignore
    arg [--eh-frame-hdr] ==> ignore
    arg [--build-id] ==> ignore
    arg [-dynamic-linker] ==> ignore
    arg [/lib64/ld-linux-x86-64.so.2] ==> ignore
    arg [-m] ==> ignore
    arg [elf_x86_64] ==> ignore
    arg [-L$NETCDF/lib] ==> ignore
    arg [-o] ==> ignore
    arg [cmTC_6a1db] ==> ignore
    arg [/public/software/compiler/intel/composer_xe_2015.2.164/compiler/lib/intel64/for_main.o] ==> ignore
    arg [-L/public/software/compiler/intel/composer_xe_2015.2.164/compiler/lib/intel64] ==> dir [/public/software/compiler/intel/composer_xe_2015.2.164/compiler/lib/intel64]
    arg [-L/public/software/compiler/intel/composer_xe_2015.2.164/mkl/lib/intel64] ==> dir [/public/software/compiler/intel/composer_xe_2015.2.164/mkl/lib/intel64]
    arg [-L/public/software/compiler/intel/composer_xe_2017_update4//clck/2017.2.019/lib/intel64] ==> dir [/public/software/compiler/intel/composer_xe_2017_update4//clck/2017.2.019/lib/intel64]
    arg [-L/public/software/compiler/intel/composer_xe_2017_update4/compilers_and_libraries_2017.4.196/linux/ipp/lib/intel64] ==> dir [/public/software/compiler/intel/composer_xe_2017_update4/compilers_and_libraries_2017.4.196/linux/ipp/lib/intel64]
    arg [-L/public/software/compiler/intel/composer_xe_2017_update4/compilers_and_libraries_2017.4.196/linux/compiler/lib/intel64_lin] ==> dir [/public/software/compiler/intel/composer_xe_2017_update4/compilers_and_libraries_2017.4.196/linux/compiler/lib/intel64_lin]
    arg [-L/public/software/compiler/intel/composer_xe_2017_update4/compilers_and_libraries_2017.4.196/linux/mkl/lib/intel64_lin] ==> dir [/public/software/compiler/intel/composer_xe_2017_update4/compilers_and_libraries_2017.4.196/linux/mkl/lib/intel64_lin]
    arg [-L/public/software/compiler/intel/composer_xe_2017_update4/compilers_and_libraries_2017.4.196/linux/tbb/lib/intel64/gcc4.7] ==> dir [/public/software/compiler/intel/composer_xe_2017_update4/compilers_and_libraries_2017.4.196/linux/tbb/lib/intel64/gcc4.7]
    arg [-L/public/software/compiler/intel/composer_xe_2017_update4/compilers_and_libraries_2017.4.196/linux/daal/lib/intel64_lin] ==> dir [/public/software/compiler/intel/composer_xe_2017_update4/compilers_and_libraries_2017.4.196/linux/daal/lib/intel64_lin]
    arg [-L/public/software/compiler/intel/composer_xe_2017_update4/compilers_and_libraries_2017.4.196/linux/ipp/lib/intel64] ==> dir [/public/software/compiler/intel/composer_xe_2017_update4/compilers_and_libraries_2017.4.196/linux/ipp/lib/intel64]
    arg [-L/public/software/compiler/intel/composer_xe_2017_update4/compilers_and_libraries_2017.4.196/linux/compiler/lib/intel64_lin] ==> dir [/public/software/compiler/intel/composer_xe_2017_update4/compilers_and_libraries_2017.4.196/linux/compiler/lib/intel64_lin]
    arg [-L/public/software/compiler/intel/composer_xe_2017_update4/compilers_and_libraries_2017.4.196/linux/mkl/lib/intel64_lin] ==> dir [/public/software/compiler/intel/composer_xe_2017_update4/compilers_and_libraries_2017.4.196/linux/mkl/lib/intel64_lin]
    arg [-L/public/software/compiler/intel/composer_xe_2017_update4/compilers_and_libraries_2017.4.196/linux/tbb/lib/intel64/gcc4.7] ==> dir [/public/software/compiler/intel/composer_xe_2017_update4/compilers_and_libraries_2017.4.196/linux/tbb/lib/intel64/gcc4.7]
    arg [-L/public/software/compiler/intel/composer_xe_2017_update4/compilers_and_libraries_2017.4.196/linux/daal/lib/intel64_lin] ==> dir [/public/software/compiler/intel/composer_xe_2017_update4/compilers_and_libraries_2017.4.196/linux/daal/lib/intel64_lin]
    arg [-L/public/software/compiler/intel/composer_xe_2017_update4/compilers_and_libraries_2017.4.196/linux/daal/../tbb/lib/intel64_lin/gcc4.4] ==> dir [/public/software/compiler/intel/composer_xe_2017_update4/compilers_and_libraries_2017.4.196/linux/daal/../tbb/lib/intel64_lin/gcc4.4]
    arg [-L/public/software/compiler/intel/composer_xe_2015.2.164/compiler/lib/intel64] ==> dir [/public/software/compiler/intel/composer_xe_2015.2.164/compiler/lib/intel64]
    arg [-L/usr/lib/gcc/x86_64-redhat-linux/4.8.5/] ==> dir [/usr/lib/gcc/x86_64-redhat-linux/4.8.5/]
    arg [-L/usr/lib/gcc/x86_64-redhat-linux/4.8.5/../../../../lib64] ==> dir [/usr/lib/gcc/x86_64-redhat-linux/4.8.5/../../../../lib64]
    arg [-L/usr/lib/gcc/x86_64-redhat-linux/4.8.5/../../../../lib64/] ==> dir [/usr/lib/gcc/x86_64-redhat-linux/4.8.5/../../../../lib64/]
    arg [-L/lib/../lib64] ==> dir [/lib/../lib64]
    arg [-L/lib/../lib64/] ==> dir [/lib/../lib64/]
    arg [-L/usr/lib/../lib64] ==> dir [/usr/lib/../lib64]
    arg [-L/usr/lib/../lib64/] ==> dir [/usr/lib/../lib64/]
    arg [-L/public/software/compiler/intel/composer_xe_2015.2.164/compiler/lib/intel64/] ==> dir [/public/software/compiler/intel/composer_xe_2015.2.164/compiler/lib/intel64/]
    arg [-L/public/software/compiler/intel/composer_xe_2015.2.164/mkl/lib/intel64/] ==> dir [/public/software/compiler/intel/composer_xe_2015.2.164/mkl/lib/intel64/]
    arg [-L/public/software/compiler/intel/composer_xe_2017_update4//clck/2017.2.019/lib/intel64/] ==> dir [/public/software/compiler/intel/composer_xe_2017_update4//clck/2017.2.019/lib/intel64/]
    arg [-L/public/software/compiler/intel/composer_xe_2017_update4/compilers_and_libraries_2017.4.196/linux/ipp/lib/intel64/] ==> dir [/public/software/compiler/intel/composer_xe_2017_update4/compilers_and_libraries_2017.4.196/linux/ipp/lib/intel64/]
    arg [-L/public/software/compiler/intel/composer_xe_2017_update4/compilers_and_libraries_2017.4.196/linux/compiler/lib/intel64_lin/] ==> dir [/public/software/compiler/intel/composer_xe_2017_update4/compilers_and_libraries_2017.4.196/linux/compiler/lib/intel64_lin/]
    arg [-L/public/software/compiler/intel/composer_xe_2017_update4/compilers_and_libraries_2017.4.196/linux/mkl/lib/intel64_lin/] ==> dir [/public/software/compiler/intel/composer_xe_2017_update4/compilers_and_libraries_2017.4.196/linux/mkl/lib/intel64_lin/]
    arg [-L/public/software/compiler/intel/composer_xe_2017_update4/compilers_and_libraries_2017.4.196/linux/tbb/lib/intel64/gcc4.7/] ==> dir [/public/software/compiler/intel/composer_xe_2017_update4/compilers_and_libraries_2017.4.196/linux/tbb/lib/intel64/gcc4.7/]
    arg [-L/public/software/compiler/intel/composer_xe_2017_update4/compilers_and_libraries_2017.4.196/linux/daal/lib/intel64_lin/] ==> dir [/public/software/compiler/intel/composer_xe_2017_update4/compilers_and_libraries_2017.4.196/linux/daal/lib/intel64_lin/]
    arg [-L/public/software/compiler/intel/composer_xe_2017_update4/compilers_and_libraries_2017.4.196/linux/daal/../tbb/lib/intel64_lin/gcc4.4/] ==> dir [/public/software/compiler/intel/composer_xe_2017_update4/compilers_and_libraries_2017.4.196/linux/daal/../tbb/lib/intel64_lin/gcc4.4/]
    arg [-L/usr/lib/gcc/x86_64-redhat-linux/4.8.5/../../../] ==> dir [/usr/lib/gcc/x86_64-redhat-linux/4.8.5/../../../]
    arg [-L/lib64] ==> dir [/lib64]
    arg [-L/lib/] ==> dir [/lib/]
    arg [-L/usr/lib64] ==> dir [/usr/lib64]
    arg [-L/usr/lib] ==> dir [/usr/lib]
    arg [CMakeFiles/cmTC_6a1db.dir/CMakeFortranCompilerABI.F.o] ==> ignore
    arg [-Bdynamic] ==> ignore
    arg [-Bstatic] ==> ignore
    arg [-lifport] ==> lib [ifport]
    arg [-lifcore] ==> lib [ifcore]
    arg [-limf] ==> lib [imf]
    arg [-lsvml] ==> lib [svml]
    arg [-Bdynamic] ==> ignore
    arg [-lm] ==> lib [m]
    arg [-Bstatic] ==> ignore
    arg [-lipgo] ==> lib [ipgo]
    arg [-lirc] ==> lib [irc]
    arg [-Bdynamic] ==> ignore
    arg [-lpthread] ==> lib [pthread]
    arg [-Bstatic] ==> ignore
    arg [-lsvml] ==> lib [svml]
    arg [-Bdynamic] ==> ignore
    arg [-lc] ==> lib [c]
    arg [-lgcc] ==> lib [gcc]
    arg [-lgcc_s] ==> lib [gcc_s]
    arg [-Bstatic] ==> ignore
    arg [-lirc_s] ==> lib [irc_s]
    arg [-Bdynamic] ==> ignore
    arg [-ldl] ==> lib [dl]
    arg [-lc] ==> lib [c]
    arg [/usr/lib/gcc/x86_64-redhat-linux/4.8.5/crtend.o] ==> ignore
    arg [/usr/lib/gcc/x86_64-redhat-linux/4.8.5/../../../../lib64/crtn.o] ==> ignore
  collapse library dir [/public/software/compiler/intel/composer_xe_2015.2.164/compiler/lib/intel64] ==> [/public/software/compiler/intel/composer_xe_2015.2.164/compiler/lib/intel64]
  collapse library dir [/public/software/compiler/intel/composer_xe_2015.2.164/mkl/lib/intel64] ==> [/public/software/compiler/intel/composer_xe_2015.2.164/mkl/lib/intel64]
  collapse library dir [/public/software/compiler/intel/composer_xe_2017_update4//clck/2017.2.019/lib/intel64] ==> [/public/software/compiler/intel/composer_xe_2017_update4/clck/2017.2.019/lib/intel64]
  collapse library dir [/public/software/compiler/intel/composer_xe_2017_update4/compilers_and_libraries_2017.4.196/linux/ipp/lib/intel64] ==> [/public/software/compiler/intel/composer_xe_2017_update4/compilers_and_libraries_2017.4.196/linux/ipp/lib/intel64]
  collapse library dir [/public/software/compiler/intel/composer_xe_2017_update4/compilers_and_libraries_2017.4.196/linux/compiler/lib/intel64_lin] ==> [/public/software/compiler/intel/composer_xe_2017_update4/compilers_and_libraries_2017.4.196/linux/compiler/lib/intel64_lin]
  collapse library dir [/public/software/compiler/intel/composer_xe_2017_update4/compilers_and_libraries_2017.4.196/linux/mkl/lib/intel64_lin] ==> [/public/software/compiler/intel/composer_xe_2017_update4/compilers_and_libraries_2017.4.196/linux/mkl/lib/intel64_lin]
  collapse library dir [/public/software/compiler/intel/composer_xe_2017_update4/compilers_and_libraries_2017.4.196/linux/tbb/lib/intel64/gcc4.7] ==> [/public/software/compiler/intel/composer_xe_2017_update4/compilers_and_libraries_2017.4.196/linux/tbb/lib/intel64/gcc4.7]
  collapse library dir [/public/software/compiler/intel/composer_xe_2017_update4/compilers_and_libraries_2017.4.196/linux/daal/lib/intel64_lin] ==> [/public/software/compiler/intel/composer_xe_2017_update4/compilers_and_libraries_2017.4.196/linux/daal/lib/intel64_lin]
  collapse library dir [/public/software/compiler/intel/composer_xe_2017_update4/compilers_and_libraries_2017.4.196/linux/ipp/lib/intel64] ==> [/public/software/compiler/intel/composer_xe_2017_update4/compilers_and_libraries_2017.4.196/linux/ipp/lib/intel64]
  collapse library dir [/public/software/compiler/intel/composer_xe_2017_update4/compilers_and_libraries_2017.4.196/linux/compiler/lib/intel64_lin] ==> [/public/software/compiler/intel/composer_xe_2017_update4/compilers_and_libraries_2017.4.196/linux/compiler/lib/intel64_lin]
  collapse library dir [/public/software/compiler/intel/composer_xe_2017_update4/compilers_and_libraries_2017.4.196/linux/mkl/lib/intel64_lin] ==> [/public/software/compiler/intel/composer_xe_2017_update4/compilers_and_libraries_2017.4.196/linux/mkl/lib/intel64_lin]
  collapse library dir [/public/software/compiler/intel/composer_xe_2017_update4/compilers_and_libraries_2017.4.196/linux/tbb/lib/intel64/gcc4.7] ==> [/public/software/compiler/intel/composer_xe_2017_update4/compilers_and_libraries_2017.4.196/linux/tbb/lib/intel64/gcc4.7]
  collapse library dir [/public/software/compiler/intel/composer_xe_2017_update4/compilers_and_libraries_2017.4.196/linux/daal/lib/intel64_lin] ==> [/public/software/compiler/intel/composer_xe_2017_update4/compilers_and_libraries_2017.4.196/linux/daal/lib/intel64_lin]
  collapse library dir [/public/software/compiler/intel/composer_xe_2017_update4/compilers_and_libraries_2017.4.196/linux/daal/../tbb/lib/intel64_lin/gcc4.4] ==> [/public/software/compiler/intel/composer_xe_2017_update4/compilers_and_libraries_2017.4.196/linux/tbb/lib/intel64_lin/gcc4.4]
  collapse library dir [/public/software/compiler/intel/composer_xe_2015.2.164/compiler/lib/intel64] ==> [/public/software/compiler/intel/composer_xe_2015.2.164/compiler/lib/intel64]
  collapse library dir [/usr/lib/gcc/x86_64-redhat-linux/4.8.5/] ==> [/usr/lib/gcc/x86_64-redhat-linux/4.8.5]
  collapse library dir [/usr/lib/gcc/x86_64-redhat-linux/4.8.5/../../../../lib64] ==> [/usr/lib64]
  collapse library dir [/usr/lib/gcc/x86_64-redhat-linux/4.8.5/../../../../lib64/] ==> [/usr/lib64]
  collapse library dir [/lib/../lib64] ==> [/lib64]
  collapse library dir [/lib/../lib64/] ==> [/lib64]
  collapse library dir [/usr/lib/../lib64] ==> [/usr/lib64]
  collapse library dir [/usr/lib/../lib64/] ==> [/usr/lib64]
  collapse library dir [/public/software/compiler/intel/composer_xe_2015.2.164/compiler/lib/intel64/] ==> [/public/software/compiler/intel/composer_xe_2015.2.164/compiler/lib/intel64]
  collapse library dir [/public/software/compiler/intel/composer_xe_2015.2.164/mkl/lib/intel64/] ==> [/public/software/compiler/intel/composer_xe_2015.2.164/mkl/lib/intel64]
  collapse library dir [/public/software/compiler/intel/composer_xe_2017_update4//clck/2017.2.019/lib/intel64/] ==> [/public/software/compiler/intel/composer_xe_2017_update4/clck/2017.2.019/lib/intel64]
  collapse library dir [/public/software/compiler/intel/composer_xe_2017_update4/compilers_and_libraries_2017.4.196/linux/ipp/lib/intel64/] ==> [/public/software/compiler/intel/composer_xe_2017_update4/compilers_and_libraries_2017.4.196/linux/ipp/lib/intel64]
  collapse library dir [/public/software/compiler/intel/composer_xe_2017_update4/compilers_and_libraries_2017.4.196/linux/compiler/lib/intel64_lin/] ==> [/public/software/compiler/intel/composer_xe_2017_update4/compilers_and_libraries_2017.4.196/linux/compiler/lib/intel64_lin]
  collapse library dir [/public/software/compiler/intel/composer_xe_2017_update4/compilers_and_libraries_2017.4.196/linux/mkl/lib/intel64_lin/] ==> [/public/software/compiler/intel/composer_xe_2017_update4/compilers_and_libraries_2017.4.196/linux/mkl/lib/intel64_lin]
  collapse library dir [/public/software/compiler/intel/composer_xe_2017_update4/compilers_and_libraries_2017.4.196/linux/tbb/lib/intel64/gcc4.7/] ==> [/public/software/compiler/intel/composer_xe_2017_update4/compilers_and_libraries_2017.4.196/linux/tbb/lib/intel64/gcc4.7]
  collapse library dir [/public/software/compiler/intel/composer_xe_2017_update4/compilers_and_libraries_2017.4.196/linux/daal/lib/intel64_lin/] ==> [/public/software/compiler/intel/composer_xe_2017_update4/compilers_and_libraries_2017.4.196/linux/daal/lib/intel64_lin]
  collapse library dir [/public/software/compiler/intel/composer_xe_2017_update4/compilers_and_libraries_2017.4.196/linux/daal/../tbb/lib/intel64_lin/gcc4.4/] ==> [/public/software/compiler/intel/composer_xe_2017_update4/compilers_and_libraries_2017.4.196/linux/tbb/lib/intel64_lin/gcc4.4]
  collapse library dir [/usr/lib/gcc/x86_64-redhat-linux/4.8.5/../../../] ==> [/usr/lib]
  collapse library dir [/lib64] ==> [/lib64]
  collapse library dir [/lib/] ==> [/lib]
  collapse library dir [/usr/lib64] ==> [/usr/lib64]
  collapse library dir [/usr/lib] ==> [/usr/lib]
  implicit libs: [ifport;ifcore;imf;svml;m;ipgo;irc;pthread;svml;c;gcc;gcc_s;irc_s;dl;c]
  implicit dirs: [/public/software/compiler/intel/composer_xe_2015.2.164/compiler/lib/intel64;/public/software/compiler/intel/composer_xe_2015.2.164/mkl/lib/intel64;/public/software/compiler/intel/composer_xe_2017_update4/clck/2017.2.019/lib/intel64;/public/software/compiler/intel/composer_xe_2017_update4/compilers_and_libraries_2017.4.196/linux/ipp/lib/intel64;/public/software/compiler/intel/composer_xe_2017_update4/compilers_and_libraries_2017.4.196/linux/compiler/lib/intel64_lin;/public/software/compiler/intel/composer_xe_2017_update4/compilers_and_libraries_2017.4.196/linux/mkl/lib/intel64_lin;/public/software/compiler/intel/composer_xe_2017_update4/compilers_and_libraries_2017.4.196/linux/tbb/lib/intel64/gcc4.7;/public/software/compiler/intel/composer_xe_2017_update4/compilers_and_libraries_2017.4.196/linux/daal/lib/intel64_lin;/public/software/compiler/intel/composer_xe_2017_update4/compilers_and_libraries_2017.4.196/linux/tbb/lib/intel64_lin/gcc4.4;/usr/lib/gcc/x86_64-redhat-linux/4.8.5;/usr/lib64;/lib64;/usr/lib;/lib]
  implicit fwks: []


Determining if the Fortran compiler supports Fortran 90 passed with the following output:
Change Dir: /public/home/SL11834034/project/gotmwork/build/CMakeFiles/CMakeTmp

Run Build Command(s):/usr/bin/gmake cmTC_3f216/fast && /usr/bin/gmake -f CMakeFiles/cmTC_3f216.dir/build.make CMakeFiles/cmTC_3f216.dir/build
gmake[1]: 进入目录“/public/home/SL11834034/project/gotmwork/build/CMakeFiles/CMakeTmp”
Building Fortran object CMakeFiles/cmTC_3f216.dir/testFortranCompilerF90.f90.o
/public/software/compiler/intel/composer_xe_2015.2.164/bin/intel64/ifort   -m64    -c /public/home/SL11834034/project/gotmwork/build/CMakeFiles/CMakeTmp/testFortranCompilerF90.f90 -o CMakeFiles/cmTC_3f216.dir/testFortranCompilerF90.f90.o
Linking Fortran executable cmTC_3f216
/public/home/SL11834034/env/cmake/bin/cmake -E cmake_link_script CMakeFiles/cmTC_3f216.dir/link.txt --verbose=1
/public/software/compiler/intel/composer_xe_2015.2.164/bin/intel64/ifort  -L$NETCDF/lib  -m64  CMakeFiles/cmTC_3f216.dir/testFortranCompilerF90.f90.o  -o cmTC_3f216 
gmake[1]: 离开目录“/public/home/SL11834034/project/gotmwork/build/CMakeFiles/CMakeTmp”



